Determining if the pthread_create exist failed with the following output:
Change Dir: /home/apollo/Projects/opengl-opencl/build/CMakeFiles/CMakeTmp

Run Build Command:/usr/bin/make "cmTryCompileExec285510166/fast"
/usr/bin/make -f CMakeFiles/cmTryCompileExec285510166.dir/build.make CMakeFiles/cmTryCompileExec285510166.dir/build
make[1]: Entering directory `/home/apollo/Projects/opengl-opencl/build/CMakeFiles/CMakeTmp'
/usr/bin/cmake -E cmake_progress_report /home/apollo/Projects/opengl-opencl/build/CMakeFiles/CMakeTmp/CMakeFiles 1
Building C object CMakeFiles/cmTryCompileExec285510166.dir/CheckSymbolExists.c.o
/usr/bin/gcc    -o CMakeFiles/cmTryCompileExec285510166.dir/CheckSymbolExists.c.o   -c /home/apollo/Projects/opengl-opencl/build/CMakeFiles/CMakeTmp/CheckSymbolExists.c
Linking C executable cmTryCompileExec285510166
/usr/bin/cmake -E cmake_link_script CMakeFiles/cmTryCompileExec285510166.dir/link.txt --verbose=1
/usr/bin/gcc         CMakeFiles/cmTryCompileExec285510166.dir/CheckSymbolExists.c.o  -o cmTryCompileExec285510166 -rdynamic 
CMakeFiles/cmTryCompileExec285510166.dir/CheckSymbolExists.c.o: In function `main':
CheckSymbolExists.c:(.text+0x16): undefined reference to `pthread_create'
collect2: error: ld returned 1 exit status
make[1]: Leaving directory `/home/apollo/Projects/opengl-opencl/build/CMakeFiles/CMakeTmp'
make[1]: *** [cmTryCompileExec285510166] Error 1
make: *** [cmTryCompileExec285510166/fast] Error 2

File /home/apollo/Projects/opengl-opencl/build/CMakeFiles/CMakeTmp/CheckSymbolExists.c:
/* */
#include <pthread.h>

int main(int argc, char** argv)
{
  (void)argv;
#ifndef pthread_create
  return ((int*)(&pthread_create))[argc];
#else
  (void)argc;
  return 0;
#endif
}

Determining if the function pthread_create exists in the pthreads failed with the following output:
Change Dir: /home/apollo/Projects/opengl-opencl/build/CMakeFiles/CMakeTmp

Run Build Command:/usr/bin/make "cmTryCompileExec2668703169/fast"
/usr/bin/make -f CMakeFiles/cmTryCompileExec2668703169.dir/build.make CMakeFiles/cmTryCompileExec2668703169.dir/build
make[1]: Entering directory `/home/apollo/Projects/opengl-opencl/build/CMakeFiles/CMakeTmp'
/usr/bin/cmake -E cmake_progress_report /home/apollo/Projects/opengl-opencl/build/CMakeFiles/CMakeTmp/CMakeFiles 1
Building C object CMakeFiles/cmTryCompileExec2668703169.dir/CheckFunctionExists.c.o
/usr/bin/gcc   -DCHECK_FUNCTION_EXISTS=pthread_create   -o CMakeFiles/cmTryCompileExec2668703169.dir/CheckFunctionExists.c.o   -c /usr/share/cmake-2.8/Modules/CheckFunctionExists.c
Linking C executable cmTryCompileExec2668703169
/usr/bin/cmake -E cmake_link_script CMakeFiles/cmTryCompileExec2668703169.dir/link.txt --verbose=1
/usr/bin/gcc     -DCHECK_FUNCTION_EXISTS=pthread_create    CMakeFiles/cmTryCompileExec2668703169.dir/CheckFunctionExists.c.o  -o cmTryCompileExec2668703169 -rdynamic -lpthreads 
/usr/bin/ld: cannot find -lpthreads
collect2: error: ld returned 1 exit status
make[1]: Leaving directory `/home/apollo/Projects/opengl-opencl/build/CMakeFiles/CMakeTmp'
make[1]: *** [cmTryCompileExec2668703169] Error 1
make: *** [cmTryCompileExec2668703169/fast] Error 2


Determining if the function glXGetProcAddressEXT exists failed with the following output:
Change Dir: /home/apollo/Projects/opengl-opencl/build/CMakeFiles/CMakeTmp

Run Build Command:/usr/bin/make "cmTryCompileExec3098805939/fast"
/usr/bin/make -f CMakeFiles/cmTryCompileExec3098805939.dir/build.make CMakeFiles/cmTryCompileExec3098805939.dir/build
make[1]: Entering directory `/home/apollo/Projects/opengl-opencl/build/CMakeFiles/CMakeTmp'
/usr/bin/cmake -E cmake_progress_report /home/apollo/Projects/opengl-opencl/build/CMakeFiles/CMakeTmp/CMakeFiles 1
Building C object CMakeFiles/cmTryCompileExec3098805939.dir/CheckFunctionExists.c.o
/usr/bin/gcc   -DCHECK_FUNCTION_EXISTS=glXGetProcAddressEXT   -o CMakeFiles/cmTryCompileExec3098805939.dir/CheckFunctionExists.c.o   -c /usr/share/cmake-2.8/Modules/CheckFunctionExists.c
Linking C executable cmTryCompileExec3098805939
/usr/bin/cmake -E cmake_link_script CMakeFiles/cmTryCompileExec3098805939.dir/link.txt --verbose=1
/usr/bin/gcc     -DCHECK_FUNCTION_EXISTS=glXGetProcAddressEXT    CMakeFiles/cmTryCompileExec3098805939.dir/CheckFunctionExists.c.o  -o cmTryCompileExec3098805939 -rdynamic -lGL 
CMakeFiles/cmTryCompileExec3098805939.dir/CheckFunctionExists.c.o: In function `main':
CheckFunctionExists.c:(.text+0x15): undefined reference to `glXGetProcAddressEXT'
collect2: error: ld returned 1 exit status
make[1]: Leaving directory `/home/apollo/Projects/opengl-opencl/build/CMakeFiles/CMakeTmp'
make[1]: *** [cmTryCompileExec3098805939] Error 1
make: *** [cmTryCompileExec3098805939/fast] Error 2


